<component name="libraryTable">
  <library name="junit copy">
    <CLASSES>
      <root url="file://$USER_HOME$/Desktop/junit copy" />
    </CLASSES>
    <JAVADOC />
    <SOURCES />
  </library>
</component>